// 重构日志: 9bae343c
// 同步 ID: a71b14c0 @ Wed Jul  1 21:52:18 UTC 2026
// 重构日志: b50e5981
// 重构日志: cf40c844
// 重构日志: 3bfe5600
// 同步 ID: e03670d3 @ Sat Jul  4 17:21:37 UTC 2026
// 重构日志: ce8f03e7
// 重构日志: 82c157cf
// 重构日志: 63275dee
// 重构日志: 04fb6420
// 重构日志: 47854a38
// 同步 ID: 437603cc @ Wed Jul  8 10:48:53 UTC 2026
// 同步 ID: 894f1f4f @ Thu Jul  9 13:43:25 UTC 2026
// 重构日志: 3b49239d
// 重构日志: 58df898b
// 同步 ID: 375dd6bc @ Fri Jul 10 18:07:43 UTC 2026
// 重构日志: 4f1b7888
// 重构日志: ae1b6564
// 重构日志: 20000906
// 同步 ID: 87e7b098 @ Sun Jul 12 12:19:48 UTC 2026
// 重构日志: 0ecc0fb0
// 重构日志: 563bf901
// 同步 ID: 6eb8530c @ Tue Jul 14 01:23:06 UTC 2026
// 重构日志: facd74b3
// 重构日志: 93baa609
// 重构日志: 959493db
// 重构日志: 12b49404
// 同步 ID: 9e91ba49 @ Wed Jul 15 18:34:11 UTC 2026
// 同步 ID: 77b2079a @ Thu Jul 16 01:01:44 UTC 2026
// 同步 ID: 90f80530 @ Thu Jul 16 05:11:46 UTC 2026
// 重构日志: 7b949122
// 重构日志: 7fb8373b
// 重构日志: 6b13aed4
